02.12.2022 13:08:35 - Запрос: {'result': {'Ads': [{'Id': 5655191469, 'Status': 'REJECTED', 'TextAd': {'Text': 'description', 'Title': 'title', 'Title2': 'title2'}}]}}
02.12.2022 13:09:50 - Запрос: {'result': {'Ads': [{'Id': 5655191469, 'Status': 'REJECTED', 'TextAd': {'Text': 'description', 'Title': 'title', 'Title2': 'title2'}}]}}
02.12.2022 13:10:15 - Запрос: {'result': {'Ads': [{'Id': 5655191469, 'Status': 'REJECTED', 'TextAd': {'Text': 'description', 'Title': 'title', 'Title2': 'title2'}}]}}
02.12.2022 13:15:03 - Запрос: {'result': {'Ads': [{'Id': 5655191469, 'Status': 'REJECTED', 'TextAd': {'Text': 'description', 'Title': 'title', 'Title2': 'title2'}}]}}
02.12.2022 13:16:32 - Запрос: {'result': {'Ads': [{'Id': 5655191469, 'Status': 'REJECTED', 'TextAd': {'Text': 'description', 'Title': 'title', 'Title2': 'title2'}}]}}
02.12.2022 13:16:47 - Запрос: {'result': {'Ads': [{'Id': 5655191469, 'Status': 'REJECTED', 'TextAd': {'Text': 'description', 'Title': 'title', 'Title2': 'title2'}}]}}
02.12.2022 13:29:13 - Запрос: {'result': {'Ads': [{'Id': 5655191469, 'Status': 'REJECTED', 'TextAd': {'Text': 'description', 'Title': 'title', 'Title2': 'title2'}}]}}
02.12.2022 13:29:15 - Запрос: {'result': {'Ads': [{'Id': 5655191469, 'Status': 'REJECTED', 'TextAd': {'Text': 'description', 'Title': 'title', 'Title2': 'title2'}}]}}
02.12.2022 13:29:16 - Запрос: {'result': {'Ads': [{'Id': 5655191469, 'Status': 'REJECTED', 'TextAd': {'Text': 'description', 'Title': 'title', 'Title2': 'title2'}}]}}
02.12.2022 13:29:18 - Запрос: {'result': {'Ads': [{'Id': 5655191469, 'Status': 'REJECTED', 'TextAd': {'Text': 'description', 'Title': 'title', 'Title2': 'title2'}}]}}
02.12.2022 13:29:19 - Запрос: {'result': {'Ads': [{'Id': 5655191469, 'Status': 'REJECTED', 'TextAd': {'Text': 'description', 'Title': 'title', 'Title2': 'title2'}}]}}
02.12.2022 13:29:20 - Запрос: {'result': {'Ads': [{'Id': 5655191469, 'Status': 'REJECTED', 'TextAd': {'Text': 'description', 'Title': 'title', 'Title2': 'title2'}}]}}
02.12.2022 13:29:22 - Запрос: {'result': {'Ads': [{'Id': 5655191469, 'Status': 'REJECTED', 'TextAd': {'Text': 'description', 'Title': 'title', 'Title2': 'title2'}}]}}
02.12.2022 13:29:23 - Запрос: {'result': {'Ads': [{'Id': 5655191469, 'Status': 'REJECTED', 'TextAd': {'Text': 'description', 'Title': 'title', 'Title2': 'title2'}}]}}
02.12.2022 13:29:24 - Запрос: {'result': {'Ads': [{'Id': 5655191469, 'Status': 'REJECTED', 'TextAd': {'Text': 'description', 'Title': 'title', 'Title2': 'title2'}}]}}
02.12.2022 13:29:26 - Запрос: {'result': {'Ads': [{'Id': 5655191469, 'Status': 'REJECTED', 'TextAd': {'Text': 'description', 'Title': 'title', 'Title2': 'title2'}}]}}
02.12.2022 13:29:28 - Запрос: {'result': {'Ads': [{'Id': 5655191469, 'Status': 'REJECTED', 'TextAd': {'Text': 'description', 'Title': 'title', 'Title2': 'title2'}}]}}
02.12.2022 13:29:29 - Запрос: {'result': {'Ads': [{'Id': 5655191469, 'Status': 'REJECTED', 'TextAd': {'Text': 'description', 'Title': 'title', 'Title2': 'title2'}}]}}
02.12.2022 13:29:30 - Запрос: {'result': {'Ads': [{'Id': 5655191469, 'Status': 'REJECTED', 'TextAd': {'Text': 'description', 'Title': 'title', 'Title2': 'title2'}}]}}
02.12.2022 13:29:32 - Запрос: {'result': {'Ads': [{'Id': 5655191469, 'Status': 'REJECTED', 'TextAd': {'Text': 'description', 'Title': 'title', 'Title2': 'title2'}}]}}
02.12.2022 13:29:33 - Запрос: {'result': {'Ads': [{'Id': 5655191469, 'Status': 'REJECTED', 'TextAd': {'Text': 'description', 'Title': 'title', 'Title2': 'title2'}}]}}
02.12.2022 13:29:35 - Запрос: {'result': {'Ads': [{'Id': 5655191469, 'Status': 'REJECTED', 'TextAd': {'Text': 'description', 'Title': 'title', 'Title2': 'title2'}}]}}
02.12.2022 13:29:36 - Запрос: {'result': {'Ads': [{'Id': 5655191469, 'Status': 'REJECTED', 'TextAd': {'Text': 'description', 'Title': 'title', 'Title2': 'title2'}}]}}
02.12.2022 13:29:38 - Запрос: {'result': {'Ads': [{'Id': 5655191469, 'Status': 'REJECTED', 'TextAd': {'Text': 'description', 'Title': 'title', 'Title2': 'title2'}}]}}
02.12.2022 13:29:39 - Запрос: {'result': {'Ads': [{'Id': 5655191469, 'Status': 'REJECTED', 'TextAd': {'Text': 'description', 'Title': 'title', 'Title2': 'title2'}}]}}
02.12.2022 13:29:40 - Запрос: {'result': {'Ads': [{'Id': 5655191469, 'Status': 'REJECTED', 'TextAd': {'Text': 'description', 'Title': 'title', 'Title2': 'title2'}}]}}
02.12.2022 13:29:42 - Запрос: {'result': {'Ads': [{'Id': 5655191469, 'Status': 'REJECTED', 'TextAd': {'Text': 'description', 'Title': 'title', 'Title2': 'title2'}}]}}
02.12.2022 13:29:43 - Запрос: {'result': {'Ads': [{'Id': 5655191469, 'Status': 'REJECTED', 'TextAd': {'Text': 'description', 'Title': 'title', 'Title2': 'title2'}}]}}
02.12.2022 13:29:45 - Запрос: {'result': {'Ads': [{'Id': 5655191469, 'Status': 'REJECTED', 'TextAd': {'Text': 'description', 'Title': 'title', 'Title2': 'title2'}}]}}
02.12.2022 13:29:46 - Запрос: {'result': {'Ads': [{'Id': 5655191469, 'Status': 'REJECTED', 'TextAd': {'Text': 'description', 'Title': 'title', 'Title2': 'title2'}}]}}
02.12.2022 13:29:47 - Запрос: {'result': {'Ads': [{'Id': 5655191469, 'Status': 'REJECTED', 'TextAd': {'Text': 'description', 'Title': 'title', 'Title2': 'title2'}}]}}
02.12.2022 13:29:49 - Запрос: {'result': {'Ads': [{'Id': 5655191469, 'Status': 'REJECTED', 'TextAd': {'Text': 'description', 'Title': 'title', 'Title2': 'title2'}}]}}
02.12.2022 13:29:50 - Запрос: {'result': {'Ads': [{'Id': 5655191469, 'Status': 'REJECTED', 'TextAd': {'Text': 'description', 'Title': 'title', 'Title2': 'title2'}}]}}
02.12.2022 13:29:52 - Запрос: {'result': {'Ads': [{'Id': 5655191469, 'Status': 'REJECTED', 'TextAd': {'Text': 'description', 'Title': 'title', 'Title2': 'title2'}}]}}
02.12.2022 13:29:53 - Запрос: {'result': {'Ads': [{'Id': 5655191469, 'Status': 'REJECTED', 'TextAd': {'Text': 'description', 'Title': 'title', 'Title2': 'title2'}}]}}
02.12.2022 13:29:54 - Произошла непредвиденная ошибка.
02.12.2022 13:29:56 - Запрос: {'result': {'Ads': [{'Id': 5655191469, 'Status': 'REJECTED', 'TextAd': {'Text': 'description', 'Title': 'title', 'Title2': 'title2'}}]}}
02.12.2022 13:29:57 - Запрос: {'result': {'Ads': [{'Id': 5655191469, 'Status': 'REJECTED', 'TextAd': {'Text': 'description', 'Title': 'title', 'Title2': 'title2'}}]}}
02.12.2022 13:29:59 - Запрос: {'result': {'Ads': [{'Id': 5655191469, 'Status': 'REJECTED', 'TextAd': {'Text': 'description', 'Title': 'title', 'Title2': 'title2'}}]}}
02.12.2022 13:30:00 - Запрос: {'result': {'Ads': [{'Id': 5655191469, 'Status': 'REJECTED', 'TextAd': {'Text': 'description', 'Title': 'title', 'Title2': 'title2'}}]}}
02.12.2022 13:30:02 - Запрос: {'result': {'Ads': [{'Id': 5655191469, 'Status': 'REJECTED', 'TextAd': {'Text': 'description', 'Title': 'title', 'Title2': 'title2'}}]}}
02.12.2022 13:30:04 - Запрос: {'result': {'Ads': [{'Id': 5655191469, 'Status': 'REJECTED', 'TextAd': {'Text': 'description', 'Title': 'title', 'Title2': 'title2'}}]}}
02.12.2022 13:30:05 - Запрос: {'result': {'Ads': [{'Id': 5655191469, 'Status': 'REJECTED', 'TextAd': {'Text': 'description', 'Title': 'title', 'Title2': 'title2'}}]}}
02.12.2022 13:30:06 - Запрос: {'result': {'Ads': [{'Id': 5655191469, 'Status': 'REJECTED', 'TextAd': {'Text': 'description', 'Title': 'title', 'Title2': 'title2'}}]}}
02.12.2022 13:30:08 - Запрос: {'result': {'Ads': [{'Id': 5655191469, 'Status': 'REJECTED', 'TextAd': {'Text': 'description', 'Title': 'title', 'Title2': 'title2'}}]}}
02.12.2022 13:30:09 - Запрос: {'result': {'Ads': [{'Id': 5655191469, 'Status': 'REJECTED', 'TextAd': {'Text': 'description', 'Title': 'title', 'Title2': 'title2'}}]}}
02.12.2022 13:30:11 - Запрос: {'result': {'Ads': [{'Id': 5655191469, 'Status': 'REJECTED', 'TextAd': {'Text': 'description', 'Title': 'title', 'Title2': 'title2'}}]}}
02.12.2022 13:30:12 - Запрос: {'result': {'Ads': [{'Id': 5655191469, 'Status': 'REJECTED', 'TextAd': {'Text': 'description', 'Title': 'title', 'Title2': 'title2'}}]}}
02.12.2022 13:30:14 - Запрос: {'result': {'Ads': [{'Id': 5655191469, 'Status': 'REJECTED', 'TextAd': {'Text': 'description', 'Title': 'title', 'Title2': 'title2'}}]}}
02.12.2022 13:30:15 - Запрос: {'result': {'Ads': [{'Id': 5655191469, 'Status': 'REJECTED', 'TextAd': {'Text': 'description', 'Title': 'title', 'Title2': 'title2'}}]}}
02.12.2022 13:31:19 - Произошла ошибка при обращении к серверу API Директа.
02.12.2022 13:31:19 - Код ошибки: 8000
02.12.2022 13:31:19 - Описание ошибки: Элемент массива SelectionCriteria.Ids должен содержать целочисленное значение
02.12.2022 13:31:19 - RequestId: 2968433145147099662
02.12.2022 13:32:41 - Произошла ошибка при обращении к серверу API Директа.
02.12.2022 13:32:41 - Код ошибки: 8000
02.12.2022 13:32:41 - Описание ошибки: Элемент массива SelectionCriteria.Ids должен содержать целочисленное значение
02.12.2022 13:32:41 - RequestId: 2968609294870891426
02.12.2022 13:33:39 - Произошла ошибка при обращении к серверу API Директа.
02.12.2022 13:33:39 - Код ошибки: 8000
02.12.2022 13:33:39 - Описание ошибки: Элемент массива SelectionCriteria.Ids должен содержать целочисленное значение
02.12.2022 13:33:39 - RequestId: 2968735060239182038
02.12.2022 13:34:52 - Произошла ошибка при обращении к серверу API Директа.
02.12.2022 13:34:52 - Код ошибки: 8000
02.12.2022 13:34:52 - Описание ошибки: Элемент массива SelectionCriteria.Ids должен содержать целочисленное значение
02.12.2022 13:34:52 - RequestId: 2968890542199641006
02.12.2022 13:35:40 - Произошла ошибка при обращении к серверу API Директа.
02.12.2022 13:35:40 - Код ошибки: 8000
02.12.2022 13:35:40 - Описание ошибки: Элемент массива SelectionCriteria.Ids должен содержать целочисленное значение
02.12.2022 13:35:40 - RequestId: 2968994887736810142
02.12.2022 13:36:19 - Произошла ошибка при обращении к серверу API Директа.
02.12.2022 13:36:19 - Код ошибки: 8000
02.12.2022 13:36:19 - Описание ошибки: Элемент массива SelectionCriteria.Ids должен содержать целочисленное значение
02.12.2022 13:36:19 - RequestId: 2969076911381615716
02.12.2022 13:37:12 - Произошла ошибка при обращении к серверу API Директа.
02.12.2022 13:37:12 - Код ошибки: 8000
02.12.2022 13:37:12 - Описание ошибки: Элемент массива SelectionCriteria.Ids должен содержать целочисленное значение
02.12.2022 13:37:12 - RequestId: 2969191825924193331
02.12.2022 13:37:55 - Запрос: {'result': {}}
02.12.2022 13:37:55 - Произошла непредвиденная ошибка.
02.12.2022 13:38:20 - Запрос: {'result': {}}
02.12.2022 13:38:20 - Произошла непредвиденная ошибка.
02.12.2022 13:39:41 - Запрос: {'result': {}}
02.12.2022 13:39:41 - Произошла непредвиденная ошибка:
KeyError('Ads')
02.12.2022 13:40:42 - Запрос: {'result': {}}
02.12.2022 13:40:42 - Произошла непредвиденная ошибка:
KeyError('Ads')
02.12.2022 13:41:16 - Запрос: {'result': {}}
02.12.2022 13:41:16 - Произошла непредвиденная ошибка:
KeyError('Ads')
02.12.2022 13:42:29 - Запрос: {'result': {'Ads': [{'Id': 12494214253, 'Status': 'ACCEPTED', 'TextAd': {'Text': 'Новая рекламная сеть! Прямой трафик под любое ГЕО и вертикаль. 5 млрд показов/день!', 'Title': 'Рекламная сеть для\xa0арбитража: Push/PopUnder/Native и др', 'Title2': 'Регистрируйся в MyBid!'}}]}}
02.12.2022 13:42:30 - Запрос: {'result': {'Ads': [{'Id': 12494214253, 'Status': 'ACCEPTED', 'TextAd': {'Text': 'Новая рекламная сеть! Прямой трафик под любое ГЕО и вертикаль. 5 млрд показов/день!', 'Title': 'Рекламная сеть для\xa0арбитража: Push/PopUnder/Native и др', 'Title2': 'Регистрируйся в MyBid!'}}]}}
02.12.2022 13:42:32 - Запрос: {'result': {'Ads': [{'Id': 12494214253, 'Status': 'ACCEPTED', 'TextAd': {'Text': 'Новая рекламная сеть! Прямой трафик под любое ГЕО и вертикаль. 5 млрд показов/день!', 'Title': 'Рекламная сеть для\xa0арбитража: Push/PopUnder/Native и др', 'Title2': 'Регистрируйся в MyBid!'}}]}}
02.12.2022 13:43:46 - Запрос: {'result': {'Ads': [{'Id': 12384197349, 'Status': 'ACCEPTED', 'TextAd': {'Text': 'Новая рекламная сеть! Прямой трафик под любое ГЕО и вертикаль. 5 млрд показов/день!', 'Title': 'Рекламная сеть для\xa0арбитража: Push/PopUnder/Native и др', 'Title2': 'Регистрируйся в MyBid'}}]}}
02.12.2022 13:43:47 - Запрос: {'result': {'Ads': [{'Id': 12384992665, 'Status': 'ACCEPTED', 'TextAd': {'Text': 'Push, PopUnder, Native и др. ГЕО весь мир. Любые  вертикали. Прямой источник трафика!', 'Title': 'Надоело сливать бюджет? Получи качественный трафик', 'Title2': 'Регистрируйся в MyBid'}}]}}
02.12.2022 13:43:49 - Запрос: {'result': {'Ads': [{'Id': 12384992666, 'Status': 'ACCEPTED', 'TextAd': {'Text': 'У нас: Push, PopUnder, Native и др. Адалт/Мейнстрим. Прямой источник трафика без ботов!', 'Title': 'Топовая рекламная сеть с ROI до 500%!', 'Title2': 'Прямой трафик в MyBid'}}]}}
02.12.2022 13:43:50 - Запрос: {'result': {'Ads': [{'Id': 12396943946, 'Status': 'ACCEPTED', 'TextAd': {'Text': 'Новая рекламная сеть! Прямой трафик под любое ГЕО и вертикаль. 5 млрд показов/день!', 'Title': 'Рекламная сеть для\xa0арбитража: Push/PopUnder/Native и др', 'Title2': 'Регистрируйся в MyBid!'}}]}}
02.12.2022 13:43:52 - Запрос: {'result': {'Ads': [{'Id': 12396943947, 'Status': 'ACCEPTED', 'TextAd': {'Text': 'Push, PopUnder, Native и др. ГЕО весь мир. Любые  вертикали. Прямой источник трафика!', 'Title': 'Надоело сливать бюджет? Получи качественный трафик', 'Title2': 'Регистрируйся в MyBid!'}}]}}
02.12.2022 13:43:53 - Запрос: {'result': {'Ads': [{'Id': 12396943948, 'Status': 'ACCEPTED', 'TextAd': {'Text': 'У нас: Push, PopUnder, Native и др. Адалт/Мейнстрим. Прямой источник трафика без ботов!', 'Title': 'Топовая рекламная сеть с ROI до 500%!', 'Title2': 'Прямой трафик в MyBid!'}}]}}
02.12.2022 13:43:54 - Запрос: {'result': {'Ads': [{'Id': 12396943949, 'Status': 'ACCEPTED', 'TextAd': {'Text': 'Новая рекламная сеть! Прямой трафик под любое ГЕО и вертикаль. 5 млрд показов/день!', 'Title': '#Рекламная сеть для\xa0арбитража: Push/PopUnder/Native и др#', 'Title2': 'Регистрируйся в MyBid!'}}]}}
02.12.2022 13:43:56 - Запрос: {'result': {'Ads': [{'Id': 12396943950, 'Status': 'ACCEPTED', 'TextAd': {'Text': 'Новая рекламная сеть! Прямой трафик под любое ГЕО и вертикаль. 5 млрд показов/день!', 'Title': 'Рекламная сеть для\xa0арбитража: Push/PopUnder/Native и др', 'Title2': 'Регистрируйся в MyBid!'}}]}}
02.12.2022 13:43:57 - Запрос: {'result': {'Ads': [{'Id': 12396943951, 'Status': 'ACCEPTED', 'TextAd': {'Text': 'Push, PopUnder, Native и др. ГЕО весь мир. Любые  вертикали. Прямой источник трафика!', 'Title': 'Надоело сливать бюджет? Получи качественный трафик', 'Title2': 'Регистрируйся в MyBid!'}}]}}
02.12.2022 13:43:59 - Запрос: {'result': {'Ads': [{'Id': 12396943952, 'Status': 'ACCEPTED', 'TextAd': {'Text': 'У нас: Push, PopUnder, Native и др. Адалт/Мейнстрим. Прямой источник трафика без ботов!', 'Title': 'Топовая рекламная сеть с ROI до 500%!', 'Title2': 'Прямой трафик в MyBid!'}}]}}
02.12.2022 13:44:00 - Запрос: {'result': {'Ads': [{'Id': 12396943954, 'Status': 'ACCEPTED', 'TextAd': {'Text': 'Новая рекламная сеть! Прямой трафик под любое ГЕО и вертикаль. 5 млрд показов/день!', 'Title': 'Рекламная сеть для\xa0арбитража: Push/PopUnder/Native и др', 'Title2': 'Регистрируйся в MyBid!'}}]}}
02.12.2022 13:44:02 - Запрос: {'result': {'Ads': [{'Id': 12396943955, 'Status': 'ACCEPTED', 'TextAd': {'Text': 'Push, PopUnder, Native и др. ГЕО весь мир. Любые  вертикали. Прямой источник трафика!', 'Title': 'Надоело сливать бюджет? Получи качественный трафик', 'Title2': 'Регистрируйся в MyBid!'}}]}}
02.12.2022 13:44:03 - Запрос: {'result': {'Ads': [{'Id': 12396943956, 'Status': 'ACCEPTED', 'TextAd': {'Text': 'У нас: Push, PopUnder, Native и др. Адалт/Мейнстрим. Прямой источник трафика без ботов!', 'Title': 'Топовая рекламная сеть с ROI до 500%!', 'Title2': 'Прямой трафик в MyBid!'}}]}}
02.12.2022 13:44:05 - Запрос: {'result': {'Ads': [{'Id': 12396943957, 'Status': 'ACCEPTED', 'TextAd': {'Text': 'Новая рекламная сеть! Прямой трафик под любое ГЕО и вертикаль. 5 млрд показов/день!', 'Title': '#Рекламная сеть для\xa0арбитража: Push/PopUnder/Native и др#', 'Title2': 'Регистрируйся в MyBid!'}}]}}
02.12.2022 13:44:06 - Запрос: {'result': {'Ads': [{'Id': 12396943958, 'Status': 'ACCEPTED', 'TextAd': {'Text': 'Новая рекламная сеть! Прямой трафик под любое ГЕО и вертикаль. 5 млрд показов/день!', 'Title': 'Рекламная сеть для\xa0арбитража: Push/PopUnder/Native и др', 'Title2': 'Регистрируйся в MyBid!'}}]}}
02.12.2022 13:44:07 - Запрос: {'result': {'Ads': [{'Id': 12396943959, 'Status': 'ACCEPTED', 'TextAd': {'Text': 'Push, PopUnder, Native и др. ГЕО весь мир. Любые  вертикали. Прямой источник трафика!', 'Title': 'Надоело сливать бюджет? Получи качественный трафик', 'Title2': 'Регистрируйся в MyBid!'}}]}}
02.12.2022 13:44:09 - Запрос: {'result': {'Ads': [{'Id': 12396943960, 'Status': 'ACCEPTED', 'TextAd': {'Text': 'У нас: Push, PopUnder, Native и др. Адалт/Мейнстрим. Прямой источник трафика без ботов!', 'Title': 'Топовая рекламная сеть с ROI до 500%!', 'Title2': 'Прямой трафик в MyBid!'}}]}}
02.12.2022 13:44:10 - Запрос: {'result': {'Ads': [{'Id': 12396943961, 'Status': 'ACCEPTED', 'TextAd': {'Text': 'Новая рекламная сеть! Прямой трафик под любое ГЕО и вертикаль. 5 млрд показов/день!', 'Title': '#Рекламная сеть для\xa0арбитража: Push/PopUnder/Native и др#', 'Title2': 'Регистрируйся в MyBid!'}}]}}
02.12.2022 13:44:12 - Запрос: {'result': {'Ads': [{'Id': 12396943962, 'Status': 'ACCEPTED', 'TextAd': {'Text': 'Новая рекламная сеть! Прямой трафик под любое ГЕО и вертикаль. 5 млрд показов/день!', 'Title': 'Рекламная сеть для\xa0арбитража: Push/PopUnder/Native и др', 'Title2': 'Регистрируйся в MyBid!'}}]}}
02.12.2022 13:44:13 - Запрос: {'result': {'Ads': [{'Id': 12396943963, 'Status': 'ACCEPTED', 'TextAd': {'Text': 'Push, PopUnder, Native и др. ГЕО весь мир. Любые  вертикали. Прямой источник трафика!', 'Title': 'Надоело сливать бюджет? Получи качественный трафик', 'Title2': 'Регистрируйся в MyBid!'}}]}}
02.12.2022 13:44:15 - Запрос: {'result': {'Ads': [{'Id': 12396943964, 'Status': 'ACCEPTED', 'TextAd': {'Text': 'У нас: Push, PopUnder, Native и др. Адалт/Мейнстрим. Прямой источник трафика без ботов!', 'Title': 'Топовая рекламная сеть с ROI до 500%!', 'Title2': 'Прямой трафик в MyBid!'}}]}}
02.12.2022 13:44:16 - Запрос: {'result': {'Ads': [{'Id': 12396943966, 'Status': 'ACCEPTED', 'TextAd': {'Text': 'Новая рекламная сеть! Прямой трафик под любое ГЕО и вертикаль. 5 млрд показов/день!', 'Title': 'Рекламная сеть для\xa0арбитража: Push/PopUnder/Native и др', 'Title2': 'Регистрируйся в MyBid!'}}]}}
02.12.2022 13:44:18 - Запрос: {'result': {'Ads': [{'Id': 12396943967, 'Status': 'ACCEPTED', 'TextAd': {'Text': 'Push, PopUnder, Native и др. ГЕО весь мир. Любые  вертикали. Прямой источник трафика!', 'Title': 'Надоело сливать бюджет? Получи качественный трафик', 'Title2': 'Регистрируйся в MyBid!'}}]}}
02.12.2022 13:44:19 - Запрос: {'result': {'Ads': [{'Id': 12396943968, 'Status': 'ACCEPTED', 'TextAd': {'Text': 'У нас: Push, PopUnder, Native и др. Адалт/Мейнстрим. Прямой источник трафика без ботов!', 'Title': 'Топовая рекламная сеть с ROI до 500%!', 'Title2': 'Прямой трафик в MyBid!'}}]}}
02.12.2022 13:44:20 - Запрос: {'result': {'Ads': [{'Id': 12396943969, 'Status': 'ACCEPTED', 'TextAd': {'Text': 'Новая рекламная сеть! Прямой трафик под любое ГЕО и вертикаль. 5 млрд показов/день!', 'Title': '#Рекламная сеть для\xa0арбитража: Push/PopUnder/Native и др#', 'Title2': 'Регистрируйся в MyBid!'}}]}}
02.12.2022 13:44:22 - Запрос: {'result': {'Ads': [{'Id': 12462025045, 'Status': 'ACCEPTED', 'TextAd': {'Text': 'Новая рекламная сеть! Прямой трафик под любое ГЕО и вертикаль. 5 млрд показов/день!', 'Title': 'Рекламная сеть для\xa0арбитража: Push/PopUnder/Native и др', 'Title2': 'Регистрируйся в MyBid!'}}]}}
02.12.2022 13:44:23 - Запрос: {'result': {'Ads': [{'Id': 12462025046, 'Status': 'ACCEPTED', 'TextAd': {'Text': 'Push, PopUnder, Native и др. ГЕО весь мир. Любые  вертикали. Прямой источник трафика!', 'Title': 'Надоело сливать бюджет? Получи качественный трафик', 'Title2': 'Регистрируйся в MyBid!'}}]}}
02.12.2022 13:44:25 - Запрос: {'result': {'Ads': [{'Id': 12462025047, 'Status': 'ACCEPTED', 'TextAd': {'Text': 'У нас: Push, PopUnder, Native и др. Адалт/Мейнстрим. Прямой источник трафика без ботов!', 'Title': 'Топовая рекламная сеть с ROI до 500%!', 'Title2': 'Прямой трафик в MyBid!'}}]}}
02.12.2022 13:44:26 - Запрос: {'result': {'Ads': [{'Id': 12494214253, 'Status': 'ACCEPTED', 'TextAd': {'Text': 'Новая рекламная сеть! Прямой трафик под любое ГЕО и вертикаль. 5 млрд показов/день!', 'Title': 'Рекламная сеть для\xa0арбитража: Push/PopUnder/Native и др', 'Title2': 'Регистрируйся в MyBid!'}}]}}
02.12.2022 13:44:28 - Запрос: {'result': {'Ads': [{'Id': 12494214254, 'Status': 'ACCEPTED', 'TextAd': {'Text': 'Push, PopUnder, Native и др. ГЕО весь мир. Любые  вертикали. Прямой источник трафика!', 'Title': 'Надоело сливать бюджет? Получи качественный трафик', 'Title2': 'Регистрируйся в MyBid!'}}]}}
02.12.2022 13:44:29 - Запрос: {'result': {'Ads': [{'Id': 12494214255, 'Status': 'ACCEPTED', 'TextAd': {'Text': 'У нас: Push, PopUnder, Native и др. Адалт/Мейнстрим. Прямой источник трафика без ботов!', 'Title': 'Топовая рекламная сеть с ROI до 500%!', 'Title2': 'Прямой трафик в MyBid!'}}]}}
02.12.2022 13:44:31 - Запрос: {'result': {'Ads': [{'Id': 12554251798, 'Status': 'ACCEPTED', 'TextAd': {'Text': 'Новая рекламная сеть! Прямой трафик под любое ГЕО и вертикаль. 5 млрд показов/день!', 'Title': 'Рекламная сеть для\xa0арбитража: Push/PopUnder/Native и др', 'Title2': 'Регистрируйся в MyBid!'}}]}}
02.12.2022 13:44:32 - Запрос: {'result': {'Ads': [{'Id': 12554251799, 'Status': 'ACCEPTED', 'TextAd': {'Text': 'Push, PopUnder, Native и др. ГЕО весь мир. Любые  вертикали. Прямой источник трафика!', 'Title': 'Надоело сливать бюджет? Получи качественный трафик', 'Title2': 'Регистрируйся в MyBid!'}}]}}
02.12.2022 13:44:34 - Запрос: {'result': {'Ads': [{'Id': 12554251800, 'Status': 'ACCEPTED', 'TextAd': {'Text': 'У нас: Push, PopUnder, Native и др. Адалт/Мейнстрим. Прямой источник трафика без ботов!', 'Title': 'Топовая рекламная сеть с ROI до 500%!', 'Title2': 'Прямой трафик в MyBid!'}}]}}
02.12.2022 13:44:35 - Запрос: {'result': {'Ads': [{'Id': 12649891180, 'Status': 'ACCEPTED', 'TextAd': {'Text': 'Новая рекламная сеть! Прямой трафик под любое ГЕО и вертикаль. 5 млрд показов/день!', 'Title': 'Рекламная сеть для\xa0арбитража: Push/PopUnder/Native и др', 'Title2': 'Регистрируйся в MyBid!'}}]}}
02.12.2022 13:44:37 - Запрос: {'result': {'Ads': [{'Id': 12649891181, 'Status': 'ACCEPTED', 'TextAd': {'Text': 'Push, PopUnder, Native и др. ГЕО весь мир. Любые  вертикали. Прямой источник трафика!', 'Title': 'Надоело сливать бюджет? Получи качественный трафик', 'Title2': 'Регистрируйся в MyBid!'}}]}}
02.12.2022 13:44:38 - Запрос: {'result': {'Ads': [{'Id': 12649891182, 'Status': 'ACCEPTED', 'TextAd': {'Text': 'У нас: Push, PopUnder, Native и др. Адалт/Мейнстрим. Прямой источник трафика без ботов!', 'Title': 'Топовая рекламная сеть с ROI до 500%!', 'Title2': 'Прямой трафик в MyBid!'}}]}}
02.12.2022 13:44:39 - Запрос: {'result': {'Ads': [{'Id': 13109238984, 'Status': 'ACCEPTED', 'TextAd': {'Text': 'Рекламируем все виды мобильных приложений по всему миру. Протестируй новый трафик.', 'Title': 'Новая рекламная сеть для\xa0Android и IOS приложений', 'Title2': 'Регистрируйся в MyBid!'}}]}}
02.12.2022 13:44:41 - Запрос: {'result': {'Ads': [{'Id': 13109238985, 'Status': 'ACCEPTED', 'TextAd': {'Text': 'Широкий выбор рекламных форматов. ГЕО весь мир. 5+ млрд показов в день.', 'Title': 'Рекламная сеть для продвижения мобильных приложений', 'Title2': 'Регистрируйся в MyBid!'}}]}}
02.12.2022 13:44:42 - Запрос: {'result': {'Ads': [{'Id': 13157963454, 'Status': 'ACCEPTED', 'TextAd': {'Text': 'Новая рекламная сеть! Прямой трафик под любое ГЕО и вертикаль. 5 млрд показов/день!', 'Title': 'Рекламная сеть для\xa0арбитража: Push/PopUnder/Native и др', 'Title2': 'Регистрируйся в MyBid!'}}]}}
02.12.2022 13:44:44 - Запрос: {'result': {'Ads': [{'Id': 13157963455, 'Status': 'ACCEPTED', 'TextAd': {'Text': 'Push, PopUnder, Native и др. ГЕО весь мир. Любые  вертикали. Прямой источник трафика!', 'Title': 'Надоело сливать бюджет? Получи качественный трафик', 'Title2': 'Регистрируйся в MyBid!'}}]}}
02.12.2022 13:44:46 - Запрос: {'result': {'Ads': [{'Id': 13157963456, 'Status': 'ACCEPTED', 'TextAd': {'Text': 'У нас: Push, PopUnder, Native и др. Адалт/Мейнстрим. Прямой источник трафика без ботов!', 'Title': 'Топовая рекламная сеть с ROI до 500%!', 'Title2': 'Прямой трафик в MyBid!'}}]}}
02.12.2022 13:44:47 - Запрос: {'result': {'Ads': [{'Id': 13157963457, 'Status': 'ACCEPTED', 'TextAd': {'Text': 'Новая рекламная сеть! Прямой трафик под любое ГЕО и вертикаль. 5 млрд показов/день!', 'Title': 'Рекламная сеть для\xa0арбитража: Push/PopUnder/Native и др', 'Title2': 'Регистрируйся в MyBid!'}}]}}
02.12.2022 13:44:49 - Запрос: {'result': {'Ads': [{'Id': 13157963463, 'Status': 'ACCEPTED', 'TextAd': {'Text': 'Новая рекламная сеть! Прямой трафик под любое ГЕО и вертикаль. 5 млрд показов/день!', 'Title': 'Рекламная сеть для\xa0арбитража: Push/PopUnder/Native и др', 'Title2': 'Регистрируйся в MyBid!'}}]}}
